<?xml version="1.0" encoding="UTF-8"?>
<!-- Generated by org.testng.reporters.JUnitReportReporter -->
<testsuite name="HomePage" tests="2" time="21.601" ignored="0" failures="0" timestamp="29 Jan 2021 15:54:17 GMT" skipped="0" hostname="DESKTOP-A0TKTFQ" errors="0">
  <testcase name="basePageNavigation" time="13.450" classname="HomePage"/>
  <testcase name="basePageNavigation" time="8.151" classname="HomePage"/>
</testsuite> <!-- HomePage -->
